[13:52:43.539] Global cache location '/Users/jessekelly/Library/Caches/typescript/4.4', safe file path '/users/jessekelly/projects/dynamic-pwa/node_modules/typescript/lib/typingsafelist.json', types map path /users/jessekelly/projects/dynamic-pwa/node_modules/typescript/lib/typesmap.json
[13:52:43.540] Processing cache location '/Users/jessekelly/Library/Caches/typescript/4.4'
[13:52:43.540] Trying to find '/Users/jessekelly/Library/Caches/typescript/4.4/package.json'...
[13:52:43.541] Loaded content of '/Users/jessekelly/Library/Caches/typescript/4.4/package.json': {"private":true,"dependencies":{"types-registry":"^0.1.558"},"devDependencies":{"@types/argparse":"^2.0.10","@types/arr-diff":"^4.0.0","@types/arr-union":"^3.1.0","@types/array-unique":"^0.3.0","@types/asap":"^2.0.0","@types/atob":"^2.1.2","@types/balanced-match":"^1.0.1","@types/brace-expansion":"^1.1.0","@types/braces":"^3.0.1","@types/bser":"^2.0.1","@types/buffer-from":"^1.1.0","@types/call-bind":"^1.0.0","@types/caniuse-lite":"^1.0.1","@types/caseless":"^0.12.2","@types/co":"^4.6.2","@types/color-convert":"^2.0.0","@types/color-name":"^1.1.1","@types/combined-stream":"^1.0.3","@types/component-emitter":"^1.2.10","@types/concat-map":"^0.0.1","@types/concat-stream":"^1.6.1","@types/configstore":"^5.0.1","@types/convert-source-map":"^1.5.2","@types/cross-spawn":"^6.0.2","@types/cssom":"^0.4.1","@types/cssstyle":"^2.2.1","@types/data-urls":"^2.0.1","@types/debug":"^4.1.7","@types/decode-uri-component":"^0.2.0","@types/diff":"^5.0.1","@types/dir-glob":"^2.0.1","@types/doctrine":"^0.0.4","@types/domexception":"^2.0.1","@types/end-of-stream":"^1.4.1","@types/escodegen":"^0.0.7","@types/eslint":"^7.28.0","@types/eslint-scope":"^3.7.1","@types/eslint-utils":"^3.0.0","@types/eslint-visitor-keys":"^1.0.0","@types/esprima":"^4.0.3","@types/esquery":"^1.0.2","@types/estraverse":"^5.1.1","@types/esutils":"^2.0.0","@types/exit":"^0.1.31","@types/extend":"^3.0.1","@types/fast-levenshtein":"^0.0.2","@types/fb-watchman":"^2.0.1","@types/file-entry-cache":"^5.0.2","@types/flat-cache":"^2.0.0","@types/fs-extra":"^9.0.12","@types/function-bind":"^1.1.6","@types/functional-red-black-tree":"^1.0.1","@types/get-intrinsic":"^1.0.0","@types/get-value":"^3.0.2","@types/glob":"^7.1.4","@types/glob-parent":"^5.1.1","@types/graceful-fs":"^4.1.5","@types/gulp-header":"^2.0.0","@types/has":"^1.0.0","@types/has-symbols":"^1.0.0","@types/hosted-git-info":"^3.0.2","@types/html-encoding-sniffer":"^2.0.2","@types/html-escaper":"^3.0.0","@types/imurmurhash":"^0.1.1","@types/inherits":"^0.0.30","@types/ini":"^1.3.30","@types/is-absolute":"^1.0.0","@types/is-buffer":"^2.0.0","@types/is-ci":"^3.0.0","@types/is-core-module":"^2.2.0","@types/is-glob":"^4.0.2","@types/is-negated-glob":"^1.0.0","@types/is-number":"^7.0.1","@types/is-relative":"^1.0.0","@types/is-typedarray":"^1.0.0","@types/is-unc-path":"^1.0.0","@types/is-windows":"^1.0.0","@types/isarray":"^2.0.0","@types/isexe":"^2.0.1","@types/istanbul-lib-coverage":"^2.0.3","@types/istanbul-lib-instrument":"^1.7.4","@types/istanbul-lib-report":"^3.0.0","@types/istanbul-lib-source-maps":"^4.0.1","@types/istanbul-reports":"^3.0.1","@types/js-yaml":"^4.0.3","@types/jsdom":"^16.2.13","@types/jsesc":"^3.0.1","@types/jsonfile":"^6.0.1","@types/kind-of":"^6.0.0","@types/lodash":"^4.14.172","@types/lodash.clonedeep":"^4.5.6","@types/lodash.merge":"^4.6.6","@types/lodash.template":"^4.5.0","@types/lodash.truncate":"^4.4.6","@types/lru-cache":"^5.1.1","@types/markdown-magic":"^1.0.1","@types/math-random":"^1.0.0","@types/merge-stream":"^1.1.2","@types/merge2":"^1.3.1","@types/micromatch":"^4.0.2","@types/mime-db":"^1.43.1","@types/mime-types":"^2.1.1","@types/minimatch":"^3.0.5","@types/minimist":"^1.2.2","@types/mkdirp":"^1.0.2","@types/ms":"^0.7.31","@types/natural-compare":"^1.4.1","@types/nice-try":"^2.1.0","@types/node-int64":"^0.4.29","@types/node-notifier":"^8.0.1","@types/normalize-package-data":"^2.4.1","@types/normalize-path":"^3.0.0","@types/nwsapi":"^2.2.2","@types/object-inspect":"^1.8.1","@types/object.pick":"^1.3.1","@types/once":"^1.4.0","@types/parse-cache-control":"^1.0.1","@types/parse-json":"^4.0.0","@types/parse5":"^6.0.1","@types/pascalcase":"^1.0.0","@types/path-is-absolute":"^1.0.0","@types/path-parse":"^1.0.19","@types/picomatch":"^2.2.6","@types/prelude-ls":"^1.1.29","@types/prettier":"^2.3.2","@types/progress":"^2.0.5","@types/prompts":"^2.0.14","@types/psl":"^1.1.0","@types/pump":"^1.1.1","@types/punycode":"^2.1.0","@types/qs":"^6.9.7","@types/randomatic":"^3.1.3","@types/react-is":"^17.0.2","@types/readable-stream":"^2.3.11","@types/remarkable":"^2.0.3","@types/repeat-element":"^1.1.0","@types/repeat-string":"^1.6.1","@types/require-directory":"^2.1.2","@types/require-from-string":"^1.2.1","@types/resolve":"^1.20.1","@types/rimraf":"^3.0.2","@types/rsvp":"^4.0.4","@types/run-parallel":"^1.1.0","@types/safe-regex":"^1.1.3","@types/safer-buffer":"^2.1.0","@types/sane":"^2.0.1","@types/semver":"^7.3.8","@types/set-value":"^4.0.1","@types/shebang-command":"^1.2.0","@types/signal-exit":"^3.0.1","@types/slice-ansi":"^5.0.0","@types/source-map-support":"^0.5.4","@types/spdx-correct":"^2.0.0","@types/spdx-expression-parse":"^3.0.1","@types/sprintf":"^0.1.0","@types/sprintf-js":"^1.1.2","@types/stack-utils":"^2.0.1","@types/strip-color":"^0.1.0","@types/strip-final-newline":"^3.0.0","@types/supports-color":"^8.1.1","@types/symbol-tree":"^3.2.2","@types/text-table":"^0.2.2","@types/through2":"^2.0.36","@types/tough-cookie":"^4.0.1","@types/traverse":"^0.6.32","@types/type-check":"^0.3.27","@types/type-detect":"^4.0.1","@types/unc-path-regex":"^0.1.0","@types/universalify":"^1.0.0","@types/urix":"^0.1.0","@types/util-deprecate":"^1.0.0","@types/uuid":"^8.3.1","@types/validate-npm-package-license":"^3.0.1","@types/w3c-hr-time":"^1.0.0","@types/w3c-xmlserializer":"^2.0.2","@types/webidl-conversions":"^6.1.1","@types/whatwg-encoding":"^1.0.0","@types/whatwg-mimetype":"^2.1.1","@types/whatwg-url":"^8.2.1","@types/which":"^2.0.1","@types/wrap-ansi":"^8.0.1","@types/write-file-atomic":"^3.0.2","@types/ws":"^7.4.7","@types/xtend":"^4.0.3","@types/yallist":"^4.0.1","@types/yargs":"^17.0.2","@types/yargs-parser":"^20.2.1"}}
[13:52:43.541] Loaded content of '/Users/jessekelly/Library/Caches/typescript/4.4/package-lock.json'
[13:52:43.547] Adding entry into typings cache: 'argparse' => '/Users/jessekelly/Library/Caches/typescript/4.4/node_modules/@types/argparse/index.d.ts'
[13:52:43.548] Adding entry into typings cache: 'arr-diff' => '/Users/jessekelly/Library/Caches/typescript/4.4/node_modules/@types/arr-diff/index.d.ts'
[13:52:43.549] Adding entry into typings cache: 'arr-union' => '/Users/jessekelly/Library/Caches/typescript/4.4/node_modules/@types/arr-union/index.d.ts'
[13:52:43.549] Adding entry into typings cache: 'array-unique' => '/Users/jessekelly/Library/Caches/typescript/4.4/node_modules/@types/array-unique/index.d.ts'
[13:52:43.550] Adding entry into typings cache: 'asap' => '/Users/jessekelly/Library/Caches/typescript/4.4/node_modules/@types/asap/index.d.ts'
[13:52:43.551] Adding entry into typings cache: 'atob' => '/Users/jessekelly/Library/Caches/typescript/4.4/node_modules/@types/atob/index.d.ts'
[13:52:43.552] Adding entry into typings cache: 'balanced-match' => '/Users/jessekelly/Library/Caches/typescript/4.4/node_modules/@types/balanced-match/index.d.ts'
[13:52:43.552] Adding entry into typings cache: 'brace-expansion' => '/Users/jessekelly/Library/Caches/typescript/4.4/node_modules/@types/brace-expansion/index.d.ts'
[13:52:43.553] Adding entry into typings cache: 'braces' => '/Users/jessekelly/Library/Caches/typescript/4.4/node_modules/@types/braces/index.d.ts'
[13:52:43.553] Adding entry into typings cache: 'bser' => '/Users/jessekelly/Library/Caches/typescript/4.4/node_modules/@types/bser/index.d.ts'
[13:52:43.554] Adding entry into typings cache: 'buffer-from' => '/Users/jessekelly/Library/Caches/typescript/4.4/node_modules/@types/buffer-from/index.d.ts'
[13:52:43.555] Adding entry into typings cache: 'call-bind' => '/Users/jessekelly/Library/Caches/typescript/4.4/node_modules/@types/call-bind/index.d.ts'
[13:52:43.556] Adding entry into typings cache: 'caniuse-lite' => '/Users/jessekelly/Library/Caches/typescript/4.4/node_modules/@types/caniuse-lite/index.d.ts'
[13:52:43.558] Adding entry into typings cache: 'caseless' => '/Users/jessekelly/Library/Caches/typescript/4.4/node_modules/@types/caseless/index.d.ts'
[13:52:43.558] Adding entry into typings cache: 'co' => '/Users/jessekelly/Library/Caches/typescript/4.4/node_modules/@types/co/index.d.ts'
[13:52:43.559] Adding entry into typings cache: 'color-convert' => '/Users/jessekelly/Library/Caches/typescript/4.4/node_modules/@types/color-convert/index.d.ts'
[13:52:43.560] Adding entry into typings cache: 'color-name' => '/Users/jessekelly/Library/Caches/typescript/4.4/node_modules/@types/color-name/index.d.ts'
[13:52:43.561] Adding entry into typings cache: 'combined-stream' => '/Users/jessekelly/Library/Caches/typescript/4.4/node_modules/@types/combined-stream/index.d.ts'
[13:52:43.562] Adding entry into typings cache: 'component-emitter' => '/Users/jessekelly/Library/Caches/typescript/4.4/node_modules/@types/component-emitter/index.d.ts'
[13:52:43.562] Adding entry into typings cache: 'concat-map' => '/Users/jessekelly/Library/Caches/typescript/4.4/node_modules/@types/concat-map/index.d.ts'
[13:52:43.563] Adding entry into typings cache: 'concat-stream' => '/Users/jessekelly/Library/Caches/typescript/4.4/node_modules/@types/concat-stream/index.d.ts'
[13:52:43.564] Adding entry into typings cache: 'configstore' => '/Users/jessekelly/Library/Caches/typescript/4.4/node_modules/@types/configstore/index.d.ts'
[13:52:43.564] Adding entry into typings cache: 'convert-source-map' => '/Users/jessekelly/Library/Caches/typescript/4.4/node_modules/@types/convert-source-map/index.d.ts'
[13:52:43.565] Adding entry into typings cache: 'cross-spawn' => '/Users/jessekelly/Library/Caches/typescript/4.4/node_modules/@types/cross-spawn/index.d.ts'
[13:52:43.566] Adding entry into typings cache: 'cssom' => '/Users/jessekelly/Library/Caches/typescript/4.4/node_modules/@types/cssom/index.d.ts'
[13:52:43.566] Adding entry into typings cache: 'cssstyle' => '/Users/jessekelly/Library/Caches/typescript/4.4/node_modules/@types/cssstyle/index.d.ts'
[13:52:43.567] Adding entry into typings cache: 'data-urls' => '/Users/jessekelly/Library/Caches/typescript/4.4/node_modules/@types/data-urls/index.d.ts'
[13:52:43.568] Adding entry into typings cache: 'debug' => '/Users/jessekelly/Library/Caches/typescript/4.4/node_modules/@types/debug/index.d.ts'
[13:52:43.568] Adding entry into typings cache: 'decode-uri-component' => '/Users/jessekelly/Library/Caches/typescript/4.4/node_modules/@types/decode-uri-component/index.d.ts'
[13:52:43.569] Adding entry into typings cache: 'diff' => '/Users/jessekelly/Library/Caches/typescript/4.4/node_modules/@types/diff/index.d.ts'
[13:52:43.570] Adding entry into typings cache: 'dir-glob' => '/Users/jessekelly/Library/Caches/typescript/4.4/node_modules/@types/dir-glob/index.d.ts'
[13:52:43.570] Adding entry into typings cache: 'doctrine' => '/Users/jessekelly/Library/Caches/typescript/4.4/node_modules/@types/doctrine/index.d.ts'
[13:52:43.571] Adding entry into typings cache: 'domexception' => '/Users/jessekelly/Library/Caches/typescript/4.4/node_modules/@types/domexception/index.d.ts'
[13:52:43.571] Adding entry into typings cache: 'end-of-stream' => '/Users/jessekelly/Library/Caches/typescript/4.4/node_modules/@types/end-of-stream/index.d.ts'
[13:52:43.572] Adding entry into typings cache: 'escodegen' => '/Users/jessekelly/Library/Caches/typescript/4.4/node_modules/@types/escodegen/index.d.ts'
[13:52:43.573] Adding entry into typings cache: 'eslint' => '/Users/jessekelly/Library/Caches/typescript/4.4/node_modules/@types/eslint/index.d.ts'
[13:52:43.573] Adding entry into typings cache: 'eslint-scope' => '/Users/jessekelly/Library/Caches/typescript/4.4/node_modules/@types/eslint-scope/index.d.ts'
[13:52:43.574] Adding entry into typings cache: 'eslint-utils' => '/Users/jessekelly/Library/Caches/typescript/4.4/node_modules/@types/eslint-utils/index.d.ts'
[13:52:43.575] Adding entry into typings cache: 'eslint-visitor-keys' => '/Users/jessekelly/Library/Caches/typescript/4.4/node_modules/@types/eslint-visitor-keys/index.d.ts'
[13:52:43.575] Adding entry into typings cache: 'esprima' => '/Users/jessekelly/Library/Caches/typescript/4.4/node_modules/@types/esprima/index.d.ts'
[13:52:43.576] Adding entry into typings cache: 'esquery' => '/Users/jessekelly/Library/Caches/typescript/4.4/node_modules/@types/esquery/index.d.ts'
[13:52:43.577] Adding entry into typings cache: 'estraverse' => '/Users/jessekelly/Library/Caches/typescript/4.4/node_modules/@types/estraverse/index.d.ts'
[13:52:43.577] Adding entry into typings cache: 'esutils' => '/Users/jessekelly/Library/Caches/typescript/4.4/node_modules/@types/esutils/index.d.ts'
[13:52:43.578] Adding entry into typings cache: 'exit' => '/Users/jessekelly/Library/Caches/typescript/4.4/node_modules/@types/exit/index.d.ts'
[13:52:43.579] Adding entry into typings cache: 'extend' => '/Users/jessekelly/Library/Caches/typescript/4.4/node_modules/@types/extend/index.d.ts'
[13:52:43.579] Adding entry into typings cache: 'fast-levenshtein' => '/Users/jessekelly/Library/Caches/typescript/4.4/node_modules/@types/fast-levenshtein/index.d.ts'
[13:52:43.580] Adding entry into typings cache: 'fb-watchman' => '/Users/jessekelly/Library/Caches/typescript/4.4/node_modules/@types/fb-watchman/index.d.ts'
[13:52:43.580] Adding entry into typings cache: 'file-entry-cache' => '/Users/jessekelly/Library/Caches/typescript/4.4/node_modules/@types/file-entry-cache/index.d.ts'
[13:52:43.581] Adding entry into typings cache: 'flat-cache' => '/Users/jessekelly/Library/Caches/typescript/4.4/node_modules/@types/flat-cache/index.d.ts'
[13:52:43.582] Adding entry into typings cache: 'fs-extra' => '/Users/jessekelly/Library/Caches/typescript/4.4/node_modules/@types/fs-extra/index.d.ts'
[13:52:43.582] Adding entry into typings cache: 'function-bind' => '/Users/jessekelly/Library/Caches/typescript/4.4/node_modules/@types/function-bind/index.d.ts'
[13:52:43.583] Adding entry into typings cache: 'functional-red-black-tree' => '/Users/jessekelly/Library/Caches/typescript/4.4/node_modules/@types/functional-red-black-tree/index.d.ts'
[13:52:43.583] Adding entry into typings cache: 'get-intrinsic' => '/Users/jessekelly/Library/Caches/typescript/4.4/node_modules/@types/get-intrinsic/index.d.ts'
[13:52:43.584] Adding entry into typings cache: 'get-value' => '/Users/jessekelly/Library/Caches/typescript/4.4/node_modules/@types/get-value/index.d.ts'
[13:52:43.585] Adding entry into typings cache: 'glob' => '/Users/jessekelly/Library/Caches/typescript/4.4/node_modules/@types/glob/index.d.ts'
[13:52:43.585] Adding entry into typings cache: 'glob-parent' => '/Users/jessekelly/Library/Caches/typescript/4.4/node_modules/@types/glob-parent/index.d.ts'
[13:52:43.586] Adding entry into typings cache: 'graceful-fs' => '/Users/jessekelly/Library/Caches/typescript/4.4/node_modules/@types/graceful-fs/index.d.ts'
[13:52:43.587] Adding entry into typings cache: 'gulp-header' => '/Users/jessekelly/Library/Caches/typescript/4.4/node_modules/@types/gulp-header/index.d.ts'
[13:52:43.587] Adding entry into typings cache: 'has' => '/Users/jessekelly/Library/Caches/typescript/4.4/node_modules/@types/has/index.d.ts'
[13:52:43.588] Adding entry into typings cache: 'has-symbols' => '/Users/jessekelly/Library/Caches/typescript/4.4/node_modules/@types/has-symbols/index.d.ts'
[13:52:43.589] Adding entry into typings cache: 'hosted-git-info' => '/Users/jessekelly/Library/Caches/typescript/4.4/node_modules/@types/hosted-git-info/index.d.ts'
[13:52:43.589] Adding entry into typings cache: 'html-encoding-sniffer' => '/Users/jessekelly/Library/Caches/typescript/4.4/node_modules/@types/html-encoding-sniffer/index.d.ts'
[13:52:43.590] Adding entry into typings cache: 'html-escaper' => '/Users/jessekelly/Library/Caches/typescript/4.4/node_modules/@types/html-escaper/index.d.ts'
[13:52:43.590] Adding entry into typings cache: 'imurmurhash' => '/Users/jessekelly/Library/Caches/typescript/4.4/node_modules/@types/imurmurhash/index.d.ts'
[13:52:43.591] Adding entry into typings cache: 'inherits' => '/Users/jessekelly/Library/Caches/typescript/4.4/node_modules/@types/inherits/index.d.ts'
[13:52:43.591] Adding entry into typings cache: 'ini' => '/Users/jessekelly/Library/Caches/typescript/4.4/node_modules/@types/ini/index.d.ts'
[13:52:43.592] Adding entry into typings cache: 'is-absolute' => '/Users/jessekelly/Library/Caches/typescript/4.4/node_modules/@types/is-absolute/index.d.ts'
[13:52:43.593] Adding entry into typings cache: 'is-buffer' => '/Users/jessekelly/Library/Caches/typescript/4.4/node_modules/@types/is-buffer/index.d.ts'
[13:52:43.593] Adding entry into typings cache: 'is-ci' => '/Users/jessekelly/Library/Caches/typescript/4.4/node_modules/@types/is-ci/index.d.ts'
[13:52:43.594] Adding entry into typings cache: 'is-core-module' => '/Users/jessekelly/Library/Caches/typescript/4.4/node_modules/@types/is-core-module/index.d.ts'
[13:52:43.594] Adding entry into typings cache: 'is-glob' => '/Users/jessekelly/Library/Caches/typescript/4.4/node_modules/@types/is-glob/index.d.ts'
[13:52:43.595] Adding entry into typings cache: 'is-negated-glob' => '/Users/jessekelly/Library/Caches/typescript/4.4/node_modules/@types/is-negated-glob/index.d.ts'
[13:52:43.595] Adding entry into typings cache: 'is-number' => '/Users/jessekelly/Library/Caches/typescript/4.4/node_modules/@types/is-number/index.d.ts'
[13:52:43.596] Adding entry into typings cache: 'is-relative' => '/Users/jessekelly/Library/Caches/typescript/4.4/node_modules/@types/is-relative/index.d.ts'
[13:52:43.597] Adding entry into typings cache: 'is-typedarray' => '/Users/jessekelly/Library/Caches/typescript/4.4/node_modules/@types/is-typedarray/index.d.ts'
[13:52:43.597] Adding entry into typings cache: 'is-unc-path' => '/Users/jessekelly/Library/Caches/typescript/4.4/node_modules/@types/is-unc-path/index.d.ts'
[13:52:43.599] Adding entry into typings cache: 'is-windows' => '/Users/jessekelly/Library/Caches/typescript/4.4/node_modules/@types/is-windows/index.d.ts'
[13:52:43.599] Adding entry into typings cache: 'isarray' => '/Users/jessekelly/Library/Caches/typescript/4.4/node_modules/@types/isarray/index.d.ts'
[13:52:43.600] Adding entry into typings cache: 'isexe' => '/Users/jessekelly/Library/Caches/typescript/4.4/node_modules/@types/isexe/index.d.ts'
[13:52:43.600] Adding entry into typings cache: 'istanbul-lib-coverage' => '/Users/jessekelly/Library/Caches/typescript/4.4/node_modules/@types/istanbul-lib-coverage/index.d.ts'
[13:52:43.601] Adding entry into typings cache: 'istanbul-lib-instrument' => '/Users/jessekelly/Library/Caches/typescript/4.4/node_modules/@types/istanbul-lib-instrument/index.d.ts'
[13:52:43.602] Adding entry into typings cache: 'istanbul-lib-report' => '/Users/jessekelly/Library/Caches/typescript/4.4/node_modules/@types/istanbul-lib-report/index.d.ts'
[13:52:43.602] Adding entry into typings cache: 'istanbul-lib-source-maps' => '/Users/jessekelly/Library/Caches/typescript/4.4/node_modules/@types/istanbul-lib-source-maps/index.d.ts'
[13:52:43.603] Adding entry into typings cache: 'istanbul-reports' => '/Users/jessekelly/Library/Caches/typescript/4.4/node_modules/@types/istanbul-reports/index.d.ts'
[13:52:43.603] Adding entry into typings cache: 'js-yaml' => '/Users/jessekelly/Library/Caches/typescript/4.4/node_modules/@types/js-yaml/index.d.ts'
[13:52:43.604] Adding entry into typings cache: 'jsdom' => '/Users/jessekelly/Library/Caches/typescript/4.4/node_modules/@types/jsdom/index.d.ts'
[13:52:43.605] Adding entry into typings cache: 'jsesc' => '/Users/jessekelly/Library/Caches/typescript/4.4/node_modules/@types/jsesc/index.d.ts'
[13:52:43.605] Adding entry into typings cache: 'jsonfile' => '/Users/jessekelly/Library/Caches/typescript/4.4/node_modules/@types/jsonfile/index.d.ts'
[13:52:43.606] Adding entry into typings cache: 'kind-of' => '/Users/jessekelly/Library/Caches/typescript/4.4/node_modules/@types/kind-of/index.d.ts'
[13:52:43.606] Adding entry into typings cache: 'lodash' => '/Users/jessekelly/Library/Caches/typescript/4.4/node_modules/@types/lodash/index.d.ts'
[13:52:43.607] Adding entry into typings cache: 'lodash.clonedeep' => '/Users/jessekelly/Library/Caches/typescript/4.4/node_modules/@types/lodash.clonedeep/index.d.ts'
[13:52:43.608] Adding entry into typings cache: 'lodash.merge' => '/Users/jessekelly/Library/Caches/typescript/4.4/node_modules/@types/lodash.merge/index.d.ts'
[13:52:43.608] Adding entry into typings cache: 'lodash.template' => '/Users/jessekelly/Library/Caches/typescript/4.4/node_modules/@types/lodash.template/index.d.ts'
[13:52:43.609] Adding entry into typings cache: 'lodash.truncate' => '/Users/jessekelly/Library/Caches/typescript/4.4/node_modules/@types/lodash.truncate/index.d.ts'
[13:52:43.610] Adding entry into typings cache: 'lru-cache' => '/Users/jessekelly/Library/Caches/typescript/4.4/node_modules/@types/lru-cache/index.d.ts'
[13:52:43.611] Adding entry into typings cache: 'markdown-magic' => '/Users/jessekelly/Library/Caches/typescript/4.4/node_modules/@types/markdown-magic/index.d.ts'
[13:52:43.611] Adding entry into typings cache: 'math-random' => '/Users/jessekelly/Library/Caches/typescript/4.4/node_modules/@types/math-random/index.d.ts'
[13:52:43.612] Adding entry into typings cache: 'merge-stream' => '/Users/jessekelly/Library/Caches/typescript/4.4/node_modules/@types/merge-stream/index.d.ts'
[13:52:43.612] Adding entry into typings cache: 'merge2' => '/Users/jessekelly/Library/Caches/typescript/4.4/node_modules/@types/merge2/index.d.ts'
[13:52:43.613] Adding entry into typings cache: 'micromatch' => '/Users/jessekelly/Library/Caches/typescript/4.4/node_modules/@types/micromatch/index.d.ts'
[13:52:43.613] Adding entry into typings cache: 'mime-db' => '/Users/jessekelly/Library/Caches/typescript/4.4/node_modules/@types/mime-db/index.d.ts'
[13:52:43.614] Adding entry into typings cache: 'mime-types' => '/Users/jessekelly/Library/Caches/typescript/4.4/node_modules/@types/mime-types/index.d.ts'
[13:52:43.614] Adding entry into typings cache: 'minimatch' => '/Users/jessekelly/Library/Caches/typescript/4.4/node_modules/@types/minimatch/index.d.ts'
[13:52:43.615] Adding entry into typings cache: 'minimist' => '/Users/jessekelly/Library/Caches/typescript/4.4/node_modules/@types/minimist/index.d.ts'
[13:52:43.615] Adding entry into typings cache: 'mkdirp' => '/Users/jessekelly/Library/Caches/typescript/4.4/node_modules/@types/mkdirp/index.d.ts'
[13:52:43.616] Adding entry into typings cache: 'ms' => '/Users/jessekelly/Library/Caches/typescript/4.4/node_modules/@types/ms/index.d.ts'
[13:52:43.616] Adding entry into typings cache: 'natural-compare' => '/Users/jessekelly/Library/Caches/typescript/4.4/node_modules/@types/natural-compare/index.d.ts'
[13:52:43.617] Adding entry into typings cache: 'nice-try' => '/Users/jessekelly/Library/Caches/typescript/4.4/node_modules/@types/nice-try/index.d.ts'
[13:52:43.617] Adding entry into typings cache: 'node-int64' => '/Users/jessekelly/Library/Caches/typescript/4.4/node_modules/@types/node-int64/index.d.ts'
[13:52:43.618] Adding entry into typings cache: 'node-notifier' => '/Users/jessekelly/Library/Caches/typescript/4.4/node_modules/@types/node-notifier/index.d.ts'
[13:52:43.618] Adding entry into typings cache: 'normalize-package-data' => '/Users/jessekelly/Library/Caches/typescript/4.4/node_modules/@types/normalize-package-data/index.d.ts'
[13:52:43.619] Adding entry into typings cache: 'normalize-path' => '/Users/jessekelly/Library/Caches/typescript/4.4/node_modules/@types/normalize-path/index.d.ts'
[13:52:43.619] Adding entry into typings cache: 'nwsapi' => '/Users/jessekelly/Library/Caches/typescript/4.4/node_modules/@types/nwsapi/index.d.ts'
[13:52:43.620] Adding entry into typings cache: 'object-inspect' => '/Users/jessekelly/Library/Caches/typescript/4.4/node_modules/@types/object-inspect/index.d.ts'
[13:52:43.620] Adding entry into typings cache: 'object.pick' => '/Users/jessekelly/Library/Caches/typescript/4.4/node_modules/@types/object.pick/index.d.ts'
[13:52:43.620] Adding entry into typings cache: 'once' => '/Users/jessekelly/Library/Caches/typescript/4.4/node_modules/@types/once/index.d.ts'
[13:52:43.621] Adding entry into typings cache: 'parse-cache-control' => '/Users/jessekelly/Library/Caches/typescript/4.4/node_modules/@types/parse-cache-control/index.d.ts'
[13:52:43.621] Adding entry into typings cache: 'parse-json' => '/Users/jessekelly/Library/Caches/typescript/4.4/node_modules/@types/parse-json/index.d.ts'
[13:52:43.622] Adding entry into typings cache: 'parse5' => '/Users/jessekelly/Library/Caches/typescript/4.4/node_modules/@types/parse5/index.d.ts'
[13:52:43.622] Adding entry into typings cache: 'pascalcase' => '/Users/jessekelly/Library/Caches/typescript/4.4/node_modules/@types/pascalcase/index.d.ts'
[13:52:43.623] Adding entry into typings cache: 'path-is-absolute' => '/Users/jessekelly/Library/Caches/typescript/4.4/node_modules/@types/path-is-absolute/index.d.ts'
[13:52:43.623] Adding entry into typings cache: 'path-parse' => '/Users/jessekelly/Library/Caches/typescript/4.4/node_modules/@types/path-parse/index.d.ts'
[13:52:43.624] Adding entry into typings cache: 'picomatch' => '/Users/jessekelly/Library/Caches/typescript/4.4/node_modules/@types/picomatch/index.d.ts'
[13:52:43.624] Adding entry into typings cache: 'prelude-ls' => '/Users/jessekelly/Library/Caches/typescript/4.4/node_modules/@types/prelude-ls/index.d.ts'
[13:52:43.625] Adding entry into typings cache: 'prettier' => '/Users/jessekelly/Library/Caches/typescript/4.4/node_modules/@types/prettier/index.d.ts'
[13:52:43.625] Adding entry into typings cache: 'progress' => '/Users/jessekelly/Library/Caches/typescript/4.4/node_modules/@types/progress/index.d.ts'
[13:52:43.626] Adding entry into typings cache: 'prompts' => '/Users/jessekelly/Library/Caches/typescript/4.4/node_modules/@types/prompts/index.d.ts'
[13:52:43.626] Adding entry into typings cache: 'psl' => '/Users/jessekelly/Library/Caches/typescript/4.4/node_modules/@types/psl/index.d.ts'
[13:52:43.627] Adding entry into typings cache: 'pump' => '/Users/jessekelly/Library/Caches/typescript/4.4/node_modules/@types/pump/index.d.ts'
[13:52:43.628] Adding entry into typings cache: 'punycode' => '/Users/jessekelly/Library/Caches/typescript/4.4/node_modules/@types/punycode/index.d.ts'
[13:52:43.628] Adding entry into typings cache: 'qs' => '/Users/jessekelly/Library/Caches/typescript/4.4/node_modules/@types/qs/index.d.ts'
[13:52:43.629] Adding entry into typings cache: 'randomatic' => '/Users/jessekelly/Library/Caches/typescript/4.4/node_modules/@types/randomatic/index.d.ts'
[13:52:43.630] Adding entry into typings cache: 'react-is' => '/Users/jessekelly/Library/Caches/typescript/4.4/node_modules/@types/react-is/index.d.ts'
[13:52:43.630] Adding entry into typings cache: 'readable-stream' => '/Users/jessekelly/Library/Caches/typescript/4.4/node_modules/@types/readable-stream/index.d.ts'
[13:52:43.631] Adding entry into typings cache: 'remarkable' => '/Users/jessekelly/Library/Caches/typescript/4.4/node_modules/@types/remarkable/index.d.ts'
[13:52:43.631] Adding entry into typings cache: 'repeat-element' => '/Users/jessekelly/Library/Caches/typescript/4.4/node_modules/@types/repeat-element/index.d.ts'
[13:52:43.632] Adding entry into typings cache: 'repeat-string' => '/Users/jessekelly/Library/Caches/typescript/4.4/node_modules/@types/repeat-string/index.d.ts'
[13:52:43.632] Adding entry into typings cache: 'require-directory' => '/Users/jessekelly/Library/Caches/typescript/4.4/node_modules/@types/require-directory/index.d.ts'
[13:52:43.632] Adding entry into typings cache: 'require-from-string' => '/Users/jessekelly/Library/Caches/typescript/4.4/node_modules/@types/require-from-string/index.d.ts'
[13:52:43.633] Adding entry into typings cache: 'resolve' => '/Users/jessekelly/Library/Caches/typescript/4.4/node_modules/@types/resolve/index.d.ts'
[13:52:43.633] Adding entry into typings cache: 'rimraf' => '/Users/jessekelly/Library/Caches/typescript/4.4/node_modules/@types/rimraf/index.d.ts'
[13:52:43.634] Adding entry into typings cache: 'rsvp' => '/Users/jessekelly/Library/Caches/typescript/4.4/node_modules/@types/rsvp/index.d.ts'
[13:52:43.634] Adding entry into typings cache: 'run-parallel' => '/Users/jessekelly/Library/Caches/typescript/4.4/node_modules/@types/run-parallel/index.d.ts'
[13:52:43.635] Adding entry into typings cache: 'safe-regex' => '/Users/jessekelly/Library/Caches/typescript/4.4/node_modules/@types/safe-regex/index.d.ts'
[13:52:43.635] Adding entry into typings cache: 'safer-buffer' => '/Users/jessekelly/Library/Caches/typescript/4.4/node_modules/@types/safer-buffer/index.d.ts'
[13:52:43.636] Adding entry into typings cache: 'sane' => '/Users/jessekelly/Library/Caches/typescript/4.4/node_modules/@types/sane/index.d.ts'
[13:52:43.637] Adding entry into typings cache: 'semver' => '/Users/jessekelly/Library/Caches/typescript/4.4/node_modules/@types/semver/index.d.ts'
[13:52:43.637] Adding entry into typings cache: 'set-value' => '/Users/jessekelly/Library/Caches/typescript/4.4/node_modules/@types/set-value/index.d.ts'
[13:52:43.638] Adding entry into typings cache: 'shebang-command' => '/Users/jessekelly/Library/Caches/typescript/4.4/node_modules/@types/shebang-command/index.d.ts'
[13:52:43.638] Adding entry into typings cache: 'signal-exit' => '/Users/jessekelly/Library/Caches/typescript/4.4/node_modules/@types/signal-exit/index.d.ts'
[13:52:43.639] Adding entry into typings cache: 'slice-ansi' => '/Users/jessekelly/Library/Caches/typescript/4.4/node_modules/@types/slice-ansi/index.d.ts'
[13:52:43.640] Adding entry into typings cache: 'source-map-support' => '/Users/jessekelly/Library/Caches/typescript/4.4/node_modules/@types/source-map-support/index.d.ts'
[13:52:43.640] Adding entry into typings cache: 'spdx-correct' => '/Users/jessekelly/Library/Caches/typescript/4.4/node_modules/@types/spdx-correct/index.d.ts'
[13:52:43.640] Adding entry into typings cache: 'spdx-expression-parse' => '/Users/jessekelly/Library/Caches/typescript/4.4/node_modules/@types/spdx-expression-parse/index.d.ts'
[13:52:43.641] Adding entry into typings cache: 'sprintf' => '/Users/jessekelly/Library/Caches/typescript/4.4/node_modules/@types/sprintf/index.d.ts'
[13:52:43.641] Adding entry into typings cache: 'sprintf-js' => '/Users/jessekelly/Library/Caches/typescript/4.4/node_modules/@types/sprintf-js/index.d.ts'
[13:52:43.642] Adding entry into typings cache: 'stack-utils' => '/Users/jessekelly/Library/Caches/typescript/4.4/node_modules/@types/stack-utils/index.d.ts'
[13:52:43.642] Adding entry into typings cache: 'strip-color' => '/Users/jessekelly/Library/Caches/typescript/4.4/node_modules/@types/strip-color/index.d.ts'
[13:52:43.643] Adding entry into typings cache: 'strip-final-newline' => '/Users/jessekelly/Library/Caches/typescript/4.4/node_modules/@types/strip-final-newline/index.d.ts'
[13:52:43.643] Adding entry into typings cache: 'supports-color' => '/Users/jessekelly/Library/Caches/typescript/4.4/node_modules/@types/supports-color/index.d.ts'
[13:52:43.643] Adding entry into typings cache: 'symbol-tree' => '/Users/jessekelly/Library/Caches/typescript/4.4/node_modules/@types/symbol-tree/index.d.ts'
[13:52:43.644] Adding entry into typings cache: 'text-table' => '/Users/jessekelly/Library/Caches/typescript/4.4/node_modules/@types/text-table/index.d.ts'
[13:52:43.644] Adding entry into typings cache: 'through2' => '/Users/jessekelly/Library/Caches/typescript/4.4/node_modules/@types/through2/index.d.ts'
[13:52:43.645] Adding entry into typings cache: 'tough-cookie' => '/Users/jessekelly/Library/Caches/typescript/4.4/node_modules/@types/tough-cookie/index.d.ts'
[13:52:43.645] Adding entry into typings cache: 'traverse' => '/Users/jessekelly/Library/Caches/typescript/4.4/node_modules/@types/traverse/index.d.ts'
[13:52:43.646] Adding entry into typings cache: 'type-check' => '/Users/jessekelly/Library/Caches/typescript/4.4/node_modules/@types/type-check/index.d.ts'
[13:52:43.646] Adding entry into typings cache: 'type-detect' => '/Users/jessekelly/Library/Caches/typescript/4.4/node_modules/@types/type-detect/index.d.ts'
[13:52:43.647] Adding entry into typings cache: 'unc-path-regex' => '/Users/jessekelly/Library/Caches/typescript/4.4/node_modules/@types/unc-path-regex/index.d.ts'
[13:52:43.647] Adding entry into typings cache: 'universalify' => '/Users/jessekelly/Library/Caches/typescript/4.4/node_modules/@types/universalify/index.d.ts'
[13:52:43.648] Adding entry into typings cache: 'urix' => '/Users/jessekelly/Library/Caches/typescript/4.4/node_modules/@types/urix/index.d.ts'
[13:52:43.648] Adding entry into typings cache: 'util-deprecate' => '/Users/jessekelly/Library/Caches/typescript/4.4/node_modules/@types/util-deprecate/index.d.ts'
[13:52:43.648] Adding entry into typings cache: 'uuid' => '/Users/jessekelly/Library/Caches/typescript/4.4/node_modules/@types/uuid/index.d.ts'
[13:52:43.649] Adding entry into typings cache: 'validate-npm-package-license' => '/Users/jessekelly/Library/Caches/typescript/4.4/node_modules/@types/validate-npm-package-license/index.d.ts'
[13:52:43.649] Adding entry into typings cache: 'w3c-hr-time' => '/Users/jessekelly/Library/Caches/typescript/4.4/node_modules/@types/w3c-hr-time/index.d.ts'
[13:52:43.650] Adding entry into typings cache: 'w3c-xmlserializer' => '/Users/jessekelly/Library/Caches/typescript/4.4/node_modules/@types/w3c-xmlserializer/index.d.ts'
[13:52:43.650] Adding entry into typings cache: 'webidl-conversions' => '/Users/jessekelly/Library/Caches/typescript/4.4/node_modules/@types/webidl-conversions/index.d.ts'
[13:52:43.650] Adding entry into typings cache: 'whatwg-encoding' => '/Users/jessekelly/Library/Caches/typescript/4.4/node_modules/@types/whatwg-encoding/index.d.ts'
[13:52:43.651] Adding entry into typings cache: 'whatwg-mimetype' => '/Users/jessekelly/Library/Caches/typescript/4.4/node_modules/@types/whatwg-mimetype/index.d.ts'
[13:52:43.651] Adding entry into typings cache: 'whatwg-url' => '/Users/jessekelly/Library/Caches/typescript/4.4/node_modules/@types/whatwg-url/index.d.ts'
[13:52:43.652] Adding entry into typings cache: 'which' => '/Users/jessekelly/Library/Caches/typescript/4.4/node_modules/@types/which/index.d.ts'
[13:52:43.652] Adding entry into typings cache: 'wrap-ansi' => '/Users/jessekelly/Library/Caches/typescript/4.4/node_modules/@types/wrap-ansi/index.d.ts'
[13:52:43.652] Adding entry into typings cache: 'write-file-atomic' => '/Users/jessekelly/Library/Caches/typescript/4.4/node_modules/@types/write-file-atomic/index.d.ts'
[13:52:43.653] Adding entry into typings cache: 'ws' => '/Users/jessekelly/Library/Caches/typescript/4.4/node_modules/@types/ws/index.d.ts'
[13:52:43.653] Adding entry into typings cache: 'xtend' => '/Users/jessekelly/Library/Caches/typescript/4.4/node_modules/@types/xtend/index.d.ts'
[13:52:43.654] Adding entry into typings cache: 'yallist' => '/Users/jessekelly/Library/Caches/typescript/4.4/node_modules/@types/yallist/index.d.ts'
[13:52:43.654] Adding entry into typings cache: 'yargs' => '/Users/jessekelly/Library/Caches/typescript/4.4/node_modules/@types/yargs/index.d.ts'
[13:52:43.654] Adding entry into typings cache: 'yargs-parser' => '/Users/jessekelly/Library/Caches/typescript/4.4/node_modules/@types/yargs-parser/index.d.ts'
[13:52:43.654] Finished processing cache location '/Users/jessekelly/Library/Caches/typescript/4.4'
[13:52:43.655] Process id: 6333
[13:52:43.655] NPM location: /Users/jessekelly/.nvm/versions/node/v14.17.0/bin/npm (explicit '--npmLocation' not  provided)
[13:52:43.655] validateDefaultNpmLocation: false
[13:52:43.655] Npm config file: /Users/jessekelly/Library/Caches/typescript/4.4/package.json
[13:52:43.655] Updating types-registry npm package...
[13:52:43.655] Exec: /Users/jessekelly/.nvm/versions/node/v14.17.0/bin/npm install --ignore-scripts types-registry@latest
[13:52:44.479]     Succeeded. stdout:
    
    up to date, audited 202 packages in 689ms

1 package is looking for funding
  run `npm fund` for details

found 0 vulnerabilities

[13:52:44.479] Updated types-registry npm package
